<?xml version="1.0" encoding="UTF-8"?>
<!-- Generated by org.testng.reporters.JUnitReportReporter -->
<testsuite skipped="0" hostname="EACC33" name="com.qa.verizon.tests.SmartphonePageTest" tests="2" failures="0" timestamp="23 Jul 2020 05:26:20 GMT" time="5.571" errors="0">
  <testcase name="choosePhone" time="2.546" classname="com.qa.verizon.tests.SmartphonePageTest"/>
  <testcase name="verifyHomePageTitle" time="3.025" classname="com.qa.verizon.tests.SmartphonePageTest"/>
</testsuite> <!-- com.qa.verizon.tests.SmartphonePageTest -->
