<?xml version="1.0" encoding="UTF-8"?>
<!-- Generated by org.testng.reporters.JUnitReportReporter -->
<testsuite skipped="0" hostname="EACC33" name="com.qa.verizon.tests.HomePageTest" tests="2" failures="0" timestamp="25 Jul 2020 05:20:44 GMT" time="35.590" errors="0">
  <testcase name="hoverPhonesAndClick" time="32.470" classname="com.qa.verizon.tests.HomePageTest"/>
  <testcase name="verifyHomePageTitle" time="3.120" classname="com.qa.verizon.tests.HomePageTest"/>
</testsuite> <!-- com.qa.verizon.tests.HomePageTest -->
